\BOOKMARK [0][-]{chapter*.2}{\376\377\000I\000n\000t\000r\000o\000d\000u\000c\000t\000i\000o\000n}{}% 1
\BOOKMARK [0][-]{chapter.1}{\376\377\000T\000h\000e\000o\000r\000e\000t\000i\000c\000a\000l\000\040\000i\000n\000t\000r\000o\000d\000u\000c\000t\000i\000o\000n}{}% 2
\BOOKMARK [1][-]{section.1.1}{\376\377\000W\000h\000a\000t\000\040\000i\000s\000\040\000p\000l\000a\000s\000m\000a\000?}{chapter.1}% 3
\BOOKMARK [1][-]{section.1.2}{\376\377\000I\000o\000n\000\040\000t\000r\000a\000p\000p\000i\000n\000g}{chapter.1}% 4
\BOOKMARK [2][-]{subsection.1.2.1}{\376\377\000E\000q\000u\000a\000t\000i\000o\000n\000\040\000o\000f\000\040\000m\000o\000t\000i\000o\000n}{section.1.2}% 5
\BOOKMARK [2][-]{subsection.1.2.2}{\376\377\000E\000f\000f\000e\000c\000t\000i\000v\000e\000\040\000p\000o\000t\000e\000n\000t\000i\000a\000l}{section.1.2}% 6
\BOOKMARK [2][-]{subsection.1.2.3}{\376\377\000S\000t\000a\000b\000i\000l\000i\000t\000y}{section.1.2}% 7
\BOOKMARK [1][-]{section.1.3}{\376\377\000S\000i\000m\000u\000l\000a\000t\000i\000o\000n}{chapter.1}% 8
\BOOKMARK [2][-]{subsection.1.3.1}{\376\377\000L\000a\000s\000e\000r\000\040\000c\000o\000o\000l\000i\000n\000g}{section.1.3}% 9
\BOOKMARK [0][-]{chapter.2}{\376\377\000A\000p\000p\000l\000y\000i\000n\000g\000\040\000t\000h\000e\000o\000r\000y\000\040\000f\000r\000o\000m\000\040\000t\000h\000e\000\040\000f\000i\000r\000s\000t\000\040\000c\000h\000a\000p\000t\000e\000r}{}% 10
\BOOKMARK [0][-]{chapter.3}{\376\377\000R\000e\000s\000u\000l\000t\000s\000\040\000a\000n\000d\000\040\000d\000i\000s\000c\000u\000s\000s\000i\000o\000n}{}% 11
\BOOKMARK [1][-]{section.3.1}{\376\377\000C\000h\000a\000r\000a\000c\000t\000e\000r\000i\000s\000t\000i\000c\000s\000\040\000o\000f\000\040\000q\0001\000\040\000-\000\040\000q\0002\000\040\000s\000t\000a\000b\000i\000l\000i\000t\000y\000\040\000d\000i\000a\000g\000r\000a\000m\000s\000\040\000f\000o\000r\000\040\000o\000n\000e\000\040\000e\000l\000e\000c\000t\000r\000o\000n}{chapter.3}% 12
\BOOKMARK [2][-]{subsection.3.1.1}{\376\377\000D\000e\000p\000e\000n\000d\000e\000n\000c\000e\000\040\000o\000n\000\040\000i\000n\000i\000t\000i\000a\000l\000\040\000c\000o\000n\000d\000i\000t\000i\000o\000n\000s}{section.3.1}% 13
\BOOKMARK [2][-]{subsection.3.1.2}{\376\377\000C\000o\000m\000p\000a\000r\000i\000s\000o\000n\000\040\000o\000f\000\040\000s\000i\000m\000u\000l\000a\000t\000i\000o\000n\000\040\000a\000n\000d\000\040\000d\000e\000t\000e\000r\000m\000i\000n\000a\000n\000t\000\040\000s\000t\000a\000b\000i\000l\000i\000t\000y\000\040\000c\000r\000i\000t\000e\000r\000i\000o\000n}{section.3.1}% 14
\BOOKMARK [1][-]{section.3.2}{\376\377\000C\000r\000e\000a\000t\000i\000n\000g\000\040\000a\000\040\000C\000o\000u\000l\000o\000m\000b\000\040\000c\000r\000y\000s\000t\000a\000l}{chapter.3}% 15
\BOOKMARK [1][-]{section.3.3}{\376\377\000S\000t\000a\000b\000i\000l\000i\000t\000y\000\040\000o\000f\000\040\000e\000l\000e\000c\000t\000r\000o\000n\000\040\000i\000n\000\040\000C\000o\000u\000l\000o\000m\000b\000\040\000c\000r\000y\000s\000t\000a\000l}{chapter.3}% 16
\BOOKMARK [2][-]{subsection.3.3.1}{\376\377\000O\000n\000e\000\040\000e\000l\000e\000c\000t\000r\000o\000n\000\040\000-\000\040\000o\000n\000e\000\040\000i\000o\000n}{section.3.3}% 17
\BOOKMARK [2][-]{subsection.3.3.2}{\376\377\000O\000n\000e\000\040\000e\000l\000e\000c\000t\000r\000o\000n\000\040\000-\000\040\0002\0000\000\040\000i\000o\000n\000s}{section.3.3}% 18
\BOOKMARK [2][-]{subsection.3.3.3}{\376\377\000O\000n\000e\000\040\000e\000l\000e\000c\000t\000r\000o\000n\000\040\000-\000\040\0001\0000\0000\000\040\000i\000o\000n\000s}{section.3.3}% 19
\BOOKMARK [0][-]{chapter*.3}{\376\377\000C\000o\000n\000c\000l\000u\000s\000i\000o\000n}{}% 20
\BOOKMARK [0][-]{chapter*.4}{\376\377\000B\000i\000b\000l\000i\000o\000g\000r\000a\000p\000h\000y}{}% 21
\BOOKMARK [0][-]{appendix.A}{\376\377\000U\000s\000i\000n\000g\000\040\000s\000o\000f\000t\000w\000a\000r\000e}{}% 22
