This is pdfTeX, Version 3.14159265-2.6-1.40.21 (MiKTeX 2.9.7300 64-bit) (preloaded format=pdflatex 2020.2.11)  17 JUN 2022 01:00
entering extended mode
**./todos.tex
(todos.tex
LaTeX2e <2020-02-02>
L3 programming layer <2020-02-03>

! LaTeX Error: \usepackage before \documentclass.

See the LaTeX manual or LaTeX Companion for explanation.
Type  H <return>  for immediate help.
 ...                                              
                                                  
l.3 ...groundcolor=yellow!25, linecolor=black!25]{
                                                  todonotes}
\usepackage may only appear in the document preamble, i.e.,
between \documentclass and \begin{document}.

)
! Emergency stop.
<*> ./todos.tex
               
*** (job aborted, no legal \end found)

 
Here is how much of TeX's memory you used:
 20 strings out of 481565
 466 string characters out of 2914179
 235731 words of memory out of 3000000
 15358 multiletter control sequences out of 15000+200000
 532338 words of font info for 24 fonts, out of 3000000 for 9000
 1141 hyphenation exceptions out of 8191
 12i,0n,15p,99b,14s stack positions out of 5000i,500n,10000p,200000b,50000s
!  ==> Fatal error occurred, no output PDF file produced!
